{"G:\\S5\\PAW Antara\\Project Akhir\\backend\\db.js": {"path":"G:\\S5\\PAW Antara\\Project Akhir\\backend\\db.js","statementMap":{"0":{"start":{"line":1,"column":0},"end":{"line":1,"column":27}},"1":{"start":{"line":2,"column":14},"end":{"line":2,"column":31}},"2":{"start":{"line":4,"column":19},"end":{"line":10,"column":2}},"3":{"start":{"line":12,"column":0},"end":{"line":18,"column":3}},"4":{"start":{"line":13,"column":2},"end":{"line":16,"column":3}},"5":{"start":{"line":14,"column":4},"end":{"line":14,"column":50}},"6":{"start":{"line":15,"column":4},"end":{"line":15,"column":11}},"7":{"start":{"line":17,"column":2},"end":{"line":17,"column":45}},"8":{"start":{"line":20,"column":0},"end":{"line":20,"column":28}}},"fnMap":{"0":{"name":"(anonymous_0)","decl":{"start":{"line":12,"column":19},"end":{"line":12,"column":20}},"loc":{"start":{"line":12,"column":26},"end":{"line":18,"column":1}},"line":12}},"branchMap":{"0":{"loc":{"start":{"line":13,"column":2},"end":{"line":16,"column":3}},"type":"if","locations":[{"start":{"line":13,"column":2},"end":{"line":16,"column":3}},{"start":{},"end":{}}],"line":13}},"s":{"0":2,"1":2,"2":2,"3":2,"4":1,"5":0,"6":0,"7":1,"8":2},"f":{"0":1},"b":{"0":[0,1]},"_coverageSchema":"1a1c01bbd47fc00a2c39e90264f33305004495a9","hash":"07487aacec043566c8bdf774a1a5c54f0865cc29"}
,"G:\\S5\\PAW Antara\\Project Akhir\\backend\\helpers\\dateHelper.js": {"path":"G:\\S5\\PAW Antara\\Project Akhir\\backend\\helpers\\dateHelper.js","statementMap":{"0":{"start":{"line":3,"column":15},"end":{"line":3,"column":33}},"1":{"start":{"line":4,"column":13},"end":{"line":4,"column":57}},"2":{"start":{"line":5,"column":13},"end":{"line":5,"column":52}},"3":{"start":{"line":6,"column":13},"end":{"line":6,"column":53}},"4":{"start":{"line":7,"column":14},"end":{"line":7,"column":56}},"5":{"start":{"line":8,"column":13},"end":{"line":8,"column":55}},"6":{"start":{"line":10,"column":2},"end":{"line":10,"column":50}},"7":{"start":{"line":13,"column":0},"end":{"line":13,"column":32}}},"fnMap":{"0":{"name":"formatDate","decl":{"start":{"line":2,"column":9},"end":{"line":2,"column":19}},"loc":{"start":{"line":2,"column":39},"end":{"line":11,"column":1}},"line":2}},"branchMap":{"0":{"loc":{"start":{"line":2,"column":20},"end":{"line":2,"column":37}},"type":"default-arg","locations":[{"start":{"line":2,"column":27},"end":{"line":2,"column":37}}],"line":2}},"s":{"0":3,"1":3,"2":3,"3":3,"4":3,"5":3,"6":3,"7":2},"f":{"0":3},"b":{"0":[3]},"_coverageSchema":"1a1c01bbd47fc00a2c39e90264f33305004495a9","hash":"a7c4186182028e3b460dcc29820efcfc5797cc0d"}
,"G:\\S5\\PAW Antara\\Project Akhir\\backend\\repositories\\guideRepository.js": {"path":"G:\\S5\\PAW Antara\\Project Akhir\\backend\\repositories\\guideRepository.js","statementMap":{"0":{"start":{"line":1,"column":11},"end":{"line":1,"column":27}},"1":{"start":{"line":3,"column":24},"end":{"line":56,"column":1}},"2":{"start":{"line":5,"column":4},"end":{"line":10,"column":7}},"3":{"start":{"line":6,"column":6},"end":{"line":9,"column":9}},"4":{"start":{"line":7,"column":8},"end":{"line":8,"column":30}},"5":{"start":{"line":7,"column":17},"end":{"line":7,"column":29}},"6":{"start":{"line":8,"column":13},"end":{"line":8,"column":30}},"7":{"start":{"line":14,"column":4},"end":{"line":19,"column":7}},"8":{"start":{"line":15,"column":6},"end":{"line":18,"column":9}},"9":{"start":{"line":16,"column":8},"end":{"line":17,"column":30}},"10":{"start":{"line":16,"column":17},"end":{"line":16,"column":29}},"11":{"start":{"line":17,"column":13},"end":{"line":17,"column":30}},"12":{"start":{"line":23,"column":4},"end":{"line":32,"column":7}},"13":{"start":{"line":24,"column":6},"end":{"line":31,"column":8}},"14":{"start":{"line":28,"column":10},"end":{"line":29,"column":40}},"15":{"start":{"line":28,"column":19},"end":{"line":28,"column":31}},"16":{"start":{"line":29,"column":15},"end":{"line":29,"column":40}},"17":{"start":{"line":36,"column":4},"end":{"line":45,"column":7}},"18":{"start":{"line":37,"column":6},"end":{"line":44,"column":8}},"19":{"start":{"line":41,"column":10},"end":{"line":42,"column":31}},"20":{"start":{"line":41,"column":19},"end":{"line":41,"column":31}},"21":{"start":{"line":42,"column":15},"end":{"line":42,"column":31}},"22":{"start":{"line":49,"column":4},"end":{"line":54,"column":7}},"23":{"start":{"line":50,"column":6},"end":{"line":53,"column":9}},"24":{"start":{"line":51,"column":8},"end":{"line":52,"column":29}},"25":{"start":{"line":51,"column":17},"end":{"line":51,"column":29}},"26":{"start":{"line":52,"column":13},"end":{"line":52,"column":29}},"27":{"start":{"line":58,"column":0},"end":{"line":58,"column":33}}},"fnMap":{"0":{"name":"(anonymous_0)","decl":{"start":{"line":4,"column":10},"end":{"line":4,"column":11}},"loc":{"start":{"line":4,"column":16},"end":{"line":11,"column":3}},"line":4},"1":{"name":"(anonymous_1)","decl":{"start":{"line":5,"column":23},"end":{"line":5,"column":24}},"loc":{"start":{"line":5,"column":44},"end":{"line":10,"column":5}},"line":5},"2":{"name":"(anonymous_2)","decl":{"start":{"line":6,"column":38},"end":{"line":6,"column":39}},"loc":{"start":{"line":6,"column":56},"end":{"line":9,"column":7}},"line":6},"3":{"name":"(anonymous_3)","decl":{"start":{"line":13,"column":11},"end":{"line":13,"column":12}},"loc":{"start":{"line":13,"column":19},"end":{"line":20,"column":3}},"line":13},"4":{"name":"(anonymous_4)","decl":{"start":{"line":14,"column":23},"end":{"line":14,"column":24}},"loc":{"start":{"line":14,"column":44},"end":{"line":19,"column":5}},"line":14},"5":{"name":"(anonymous_5)","decl":{"start":{"line":15,"column":55},"end":{"line":15,"column":56}},"loc":{"start":{"line":15,"column":73},"end":{"line":18,"column":7}},"line":15},"6":{"name":"(anonymous_6)","decl":{"start":{"line":22,"column":10},"end":{"line":22,"column":11}},"loc":{"start":{"line":22,"column":26},"end":{"line":33,"column":3}},"line":22},"7":{"name":"(anonymous_7)","decl":{"start":{"line":23,"column":23},"end":{"line":23,"column":24}},"loc":{"start":{"line":23,"column":44},"end":{"line":32,"column":5}},"line":23},"8":{"name":"(anonymous_8)","decl":{"start":{"line":27,"column":8},"end":{"line":27,"column":9}},"loc":{"start":{"line":27,"column":25},"end":{"line":30,"column":9}},"line":27},"9":{"name":"(anonymous_9)","decl":{"start":{"line":35,"column":10},"end":{"line":35,"column":11}},"loc":{"start":{"line":35,"column":30},"end":{"line":46,"column":3}},"line":35},"10":{"name":"(anonymous_10)","decl":{"start":{"line":36,"column":23},"end":{"line":36,"column":24}},"loc":{"start":{"line":36,"column":44},"end":{"line":45,"column":5}},"line":36},"11":{"name":"(anonymous_11)","decl":{"start":{"line":40,"column":8},"end":{"line":40,"column":9}},"loc":{"start":{"line":40,"column":25},"end":{"line":43,"column":9}},"line":40},"12":{"name":"(anonymous_12)","decl":{"start":{"line":48,"column":10},"end":{"line":48,"column":11}},"loc":{"start":{"line":48,"column":18},"end":{"line":55,"column":3}},"line":48},"13":{"name":"(anonymous_13)","decl":{"start":{"line":49,"column":23},"end":{"line":49,"column":24}},"loc":{"start":{"line":49,"column":44},"end":{"line":54,"column":5}},"line":49},"14":{"name":"(anonymous_14)","decl":{"start":{"line":50,"column":53},"end":{"line":50,"column":54}},"loc":{"start":{"line":50,"column":70},"end":{"line":53,"column":7}},"line":50}},"branchMap":{"0":{"loc":{"start":{"line":7,"column":8},"end":{"line":8,"column":30}},"type":"if","locations":[{"start":{"line":7,"column":8},"end":{"line":8,"column":30}},{"start":{"line":8,"column":13},"end":{"line":8,"column":30}}],"line":7},"1":{"loc":{"start":{"line":16,"column":8},"end":{"line":17,"column":30}},"type":"if","locations":[{"start":{"line":16,"column":8},"end":{"line":17,"column":30}},{"start":{"line":17,"column":13},"end":{"line":17,"column":30}}],"line":16},"2":{"loc":{"start":{"line":28,"column":10},"end":{"line":29,"column":40}},"type":"if","locations":[{"start":{"line":28,"column":10},"end":{"line":29,"column":40}},{"start":{"line":29,"column":15},"end":{"line":29,"column":40}}],"line":28},"3":{"loc":{"start":{"line":41,"column":10},"end":{"line":42,"column":31}},"type":"if","locations":[{"start":{"line":41,"column":10},"end":{"line":42,"column":31}},{"start":{"line":42,"column":15},"end":{"line":42,"column":31}}],"line":41},"4":{"loc":{"start":{"line":51,"column":8},"end":{"line":52,"column":29}},"type":"if","locations":[{"start":{"line":51,"column":8},"end":{"line":52,"column":29}},{"start":{"line":52,"column":13},"end":{"line":52,"column":29}}],"line":51}},"s":{"0":1,"1":1,"2":0,"3":0,"4":0,"5":0,"6":0,"7":0,"8":0,"9":0,"10":0,"11":0,"12":0,"13":0,"14":0,"15":0,"16":0,"17":0,"18":0,"19":0,"20":0,"21":0,"22":0,"23":0,"24":0,"25":0,"26":0,"27":1},"f":{"0":0,"1":0,"2":0,"3":0,"4":0,"5":0,"6":0,"7":0,"8":0,"9":0,"10":0,"11":0,"12":0,"13":0,"14":0},"b":{"0":[0,0],"1":[0,0],"2":[0,0],"3":[0,0],"4":[0,0]},"_coverageSchema":"1a1c01bbd47fc00a2c39e90264f33305004495a9","hash":"83ce709644affc4c2d32f74b8655397a8f7c030b"}
,"G:\\S5\\PAW Antara\\Project Akhir\\backend\\repositories\\userRepository.js": {"path":"G:\\S5\\PAW Antara\\Project Akhir\\backend\\repositories\\userRepository.js","statementMap":{"0":{"start":{"line":1,"column":11},"end":{"line":1,"column":27}},"1":{"start":{"line":3,"column":23},"end":{"line":70,"column":1}},"2":{"start":{"line":6,"column":2},"end":{"line":12,"column":7}},"3":{"start":{"line":7,"column":16},"end":{"line":7,"column":104}},"4":{"start":{"line":8,"column":6},"end":{"line":11,"column":9}},"5":{"start":{"line":9,"column":8},"end":{"line":9,"column":36}},"6":{"start":{"line":9,"column":17},"end":{"line":9,"column":36}},"7":{"start":{"line":10,"column":6},"end":{"line":10,"column":34}},"8":{"start":{"line":17,"column":2},"end":{"line":23,"column":7}},"9":{"start":{"line":18,"column":16},"end":{"line":18,"column":88}},"10":{"start":{"line":19,"column":4},"end":{"line":22,"column":9}},"11":{"start":{"line":20,"column":6},"end":{"line":20,"column":34}},"12":{"start":{"line":20,"column":15},"end":{"line":20,"column":34}},"13":{"start":{"line":21,"column":8},"end":{"line":21,"column":36}},"14":{"start":{"line":28,"column":4},"end":{"line":33,"column":7}},"15":{"start":{"line":29,"column":6},"end":{"line":32,"column":9}},"16":{"start":{"line":30,"column":8},"end":{"line":31,"column":30}},"17":{"start":{"line":30,"column":17},"end":{"line":30,"column":29}},"18":{"start":{"line":31,"column":13},"end":{"line":31,"column":30}},"19":{"start":{"line":38,"column":4},"end":{"line":47,"column":7}},"20":{"start":{"line":39,"column":6},"end":{"line":46,"column":8}},"21":{"start":{"line":43,"column":10},"end":{"line":44,"column":40}},"22":{"start":{"line":43,"column":19},"end":{"line":43,"column":31}},"23":{"start":{"line":44,"column":15},"end":{"line":44,"column":40}},"24":{"start":{"line":52,"column":4},"end":{"line":58,"column":7}},"25":{"start":{"line":53,"column":18},"end":{"line":53,"column":58}},"26":{"start":{"line":54,"column":6},"end":{"line":57,"column":9}},"27":{"start":{"line":55,"column":8},"end":{"line":56,"column":29}},"28":{"start":{"line":55,"column":17},"end":{"line":55,"column":29}},"29":{"start":{"line":56,"column":13},"end":{"line":56,"column":29}},"30":{"start":{"line":63,"column":4},"end":{"line":68,"column":7}},"31":{"start":{"line":64,"column":6},"end":{"line":67,"column":9}},"32":{"start":{"line":65,"column":8},"end":{"line":66,"column":29}},"33":{"start":{"line":65,"column":17},"end":{"line":65,"column":29}},"34":{"start":{"line":66,"column":13},"end":{"line":66,"column":29}},"35":{"start":{"line":72,"column":0},"end":{"line":72,"column":32}}},"fnMap":{"0":{"name":"(anonymous_0)","decl":{"start":{"line":5,"column":18},"end":{"line":5,"column":19}},"loc":{"start":{"line":5,"column":32},"end":{"line":13,"column":3}},"line":5},"1":{"name":"(anonymous_1)","decl":{"start":{"line":6,"column":21},"end":{"line":6,"column":22}},"loc":{"start":{"line":6,"column":42},"end":{"line":12,"column":5}},"line":6},"2":{"name":"(anonymous_2)","decl":{"start":{"line":8,"column":32},"end":{"line":8,"column":33}},"loc":{"start":{"line":8,"column":50},"end":{"line":11,"column":7}},"line":8},"3":{"name":"(anonymous_3)","decl":{"start":{"line":16,"column":12},"end":{"line":16,"column":13}},"loc":{"start":{"line":16,"column":20},"end":{"line":24,"column":3}},"line":16},"4":{"name":"(anonymous_4)","decl":{"start":{"line":17,"column":21},"end":{"line":17,"column":22}},"loc":{"start":{"line":17,"column":42},"end":{"line":23,"column":5}},"line":17},"5":{"name":"(anonymous_5)","decl":{"start":{"line":19,"column":24},"end":{"line":19,"column":25}},"loc":{"start":{"line":19,"column":42},"end":{"line":22,"column":7}},"line":19},"6":{"name":"(anonymous_6)","decl":{"start":{"line":27,"column":15},"end":{"line":27,"column":16}},"loc":{"start":{"line":27,"column":21},"end":{"line":34,"column":3}},"line":27},"7":{"name":"(anonymous_7)","decl":{"start":{"line":28,"column":23},"end":{"line":28,"column":24}},"loc":{"start":{"line":28,"column":44},"end":{"line":33,"column":5}},"line":28},"8":{"name":"(anonymous_8)","decl":{"start":{"line":29,"column":68},"end":{"line":29,"column":69}},"loc":{"start":{"line":29,"column":86},"end":{"line":32,"column":7}},"line":29},"9":{"name":"(anonymous_9)","decl":{"start":{"line":37,"column":14},"end":{"line":37,"column":15}},"loc":{"start":{"line":37,"column":63},"end":{"line":48,"column":3}},"line":37},"10":{"name":"(anonymous_10)","decl":{"start":{"line":38,"column":23},"end":{"line":38,"column":24}},"loc":{"start":{"line":38,"column":44},"end":{"line":47,"column":5}},"line":38},"11":{"name":"(anonymous_11)","decl":{"start":{"line":42,"column":8},"end":{"line":42,"column":9}},"loc":{"start":{"line":42,"column":25},"end":{"line":45,"column":9}},"line":42},"12":{"name":"(anonymous_12)","decl":{"start":{"line":51,"column":18},"end":{"line":51,"column":19}},"loc":{"start":{"line":51,"column":32},"end":{"line":59,"column":3}},"line":51},"13":{"name":"(anonymous_13)","decl":{"start":{"line":52,"column":23},"end":{"line":52,"column":24}},"loc":{"start":{"line":52,"column":44},"end":{"line":58,"column":5}},"line":52},"14":{"name":"(anonymous_14)","decl":{"start":{"line":54,"column":32},"end":{"line":54,"column":33}},"loc":{"start":{"line":54,"column":49},"end":{"line":57,"column":7}},"line":54},"15":{"name":"(anonymous_15)","decl":{"start":{"line":62,"column":14},"end":{"line":62,"column":15}},"loc":{"start":{"line":62,"column":22},"end":{"line":69,"column":3}},"line":62},"16":{"name":"(anonymous_16)","decl":{"start":{"line":63,"column":23},"end":{"line":63,"column":24}},"loc":{"start":{"line":63,"column":44},"end":{"line":68,"column":5}},"line":63},"17":{"name":"(anonymous_17)","decl":{"start":{"line":64,"column":55},"end":{"line":64,"column":56}},"loc":{"start":{"line":64,"column":72},"end":{"line":67,"column":7}},"line":64}},"branchMap":{"0":{"loc":{"start":{"line":9,"column":8},"end":{"line":9,"column":36}},"type":"if","locations":[{"start":{"line":9,"column":8},"end":{"line":9,"column":36}},{"start":{},"end":{}}],"line":9},"1":{"loc":{"start":{"line":10,"column":14},"end":{"line":10,"column":32}},"type":"binary-expr","locations":[{"start":{"line":10,"column":14},"end":{"line":10,"column":24}},{"start":{"line":10,"column":28},"end":{"line":10,"column":32}}],"line":10},"2":{"loc":{"start":{"line":20,"column":6},"end":{"line":20,"column":34}},"type":"if","locations":[{"start":{"line":20,"column":6},"end":{"line":20,"column":34}},{"start":{},"end":{}}],"line":20},"3":{"loc":{"start":{"line":21,"column":16},"end":{"line":21,"column":34}},"type":"binary-expr","locations":[{"start":{"line":21,"column":16},"end":{"line":21,"column":26}},{"start":{"line":21,"column":30},"end":{"line":21,"column":34}}],"line":21},"4":{"loc":{"start":{"line":30,"column":8},"end":{"line":31,"column":30}},"type":"if","locations":[{"start":{"line":30,"column":8},"end":{"line":31,"column":30}},{"start":{"line":31,"column":13},"end":{"line":31,"column":30}}],"line":30},"5":{"loc":{"start":{"line":43,"column":10},"end":{"line":44,"column":40}},"type":"if","locations":[{"start":{"line":43,"column":10},"end":{"line":44,"column":40}},{"start":{"line":44,"column":15},"end":{"line":44,"column":40}}],"line":43},"6":{"loc":{"start":{"line":55,"column":8},"end":{"line":56,"column":29}},"type":"if","locations":[{"start":{"line":55,"column":8},"end":{"line":56,"column":29}},{"start":{"line":56,"column":13},"end":{"line":56,"column":29}}],"line":55},"7":{"loc":{"start":{"line":65,"column":8},"end":{"line":66,"column":29}},"type":"if","locations":[{"start":{"line":65,"column":8},"end":{"line":66,"column":29}},{"start":{"line":66,"column":13},"end":{"line":66,"column":29}}],"line":65}},"s":{"0":1,"1":1,"2":0,"3":0,"4":0,"5":0,"6":0,"7":0,"8":0,"9":0,"10":0,"11":0,"12":0,"13":0,"14":0,"15":0,"16":0,"17":0,"18":0,"19":0,"20":0,"21":0,"22":0,"23":0,"24":0,"25":0,"26":0,"27":0,"28":0,"29":0,"30":0,"31":0,"32":0,"33":0,"34":0,"35":1},"f":{"0":0,"1":0,"2":0,"3":0,"4":0,"5":0,"6":0,"7":0,"8":0,"9":0,"10":0,"11":0,"12":0,"13":0,"14":0,"15":0,"16":0,"17":0},"b":{"0":[0,0],"1":[0,0],"2":[0,0],"3":[0,0],"4":[0,0],"5":[0,0],"6":[0,0],"7":[0,0]},"_coverageSchema":"1a1c01bbd47fc00a2c39e90264f33305004495a9","hash":"68464467c3e6046e23fd971d743e386d8779d471"}
,"G:\\S5\\PAW Antara\\Project Akhir\\backend\\services\\guideService.js": {"path":"G:\\S5\\PAW Antara\\Project Akhir\\backend\\services\\guideService.js","statementMap":{"0":{"start":{"line":1,"column":24},"end":{"line":1,"column":66}},"1":{"start":{"line":2,"column":23},"end":{"line":2,"column":55}},"2":{"start":{"line":3,"column":15},"end":{"line":3,"column":41}},"3":{"start":{"line":5,"column":21},"end":{"line":38,"column":1}},"4":{"start":{"line":7,"column":4},"end":{"line":7,"column":64}},"5":{"start":{"line":8,"column":4},"end":{"line":8,"column":42}},"6":{"start":{"line":12,"column":4},"end":{"line":12,"column":47}},"7":{"start":{"line":12,"column":13},"end":{"line":12,"column":47}},"8":{"start":{"line":13,"column":20},"end":{"line":13,"column":53}},"9":{"start":{"line":14,"column":4},"end":{"line":14,"column":73}},"10":{"start":{"line":15,"column":4},"end":{"line":15,"column":30}},"11":{"start":{"line":19,"column":4},"end":{"line":19,"column":69}},"12":{"start":{"line":19,"column":24},"end":{"line":19,"column":69}},"13":{"start":{"line":20,"column":18},"end":{"line":20,"column":58}},"14":{"start":{"line":21,"column":4},"end":{"line":21,"column":61}},"15":{"start":{"line":22,"column":4},"end":{"line":22,"column":17}},"16":{"start":{"line":26,"column":4},"end":{"line":26,"column":69}},"17":{"start":{"line":26,"column":31},"end":{"line":26,"column":69}},"18":{"start":{"line":27,"column":20},"end":{"line":27,"column":64}},"19":{"start":{"line":28,"column":4},"end":{"line":28,"column":66}},"20":{"start":{"line":29,"column":4},"end":{"line":29,"column":19}},"21":{"start":{"line":33,"column":4},"end":{"line":33,"column":47}},"22":{"start":{"line":33,"column":13},"end":{"line":33,"column":47}},"23":{"start":{"line":34,"column":20},"end":{"line":34,"column":52}},"24":{"start":{"line":35,"column":4},"end":{"line":35,"column":63}},"25":{"start":{"line":36,"column":4},"end":{"line":36,"column":19}},"26":{"start":{"line":40,"column":0},"end":{"line":40,"column":30}}},"fnMap":{"0":{"name":"(anonymous_0)","decl":{"start":{"line":6,"column":10},"end":{"line":6,"column":11}},"loc":{"start":{"line":6,"column":22},"end":{"line":9,"column":3}},"line":6},"1":{"name":"(anonymous_1)","decl":{"start":{"line":11,"column":11},"end":{"line":11,"column":12}},"loc":{"start":{"line":11,"column":25},"end":{"line":16,"column":3}},"line":11},"2":{"name":"(anonymous_2)","decl":{"start":{"line":18,"column":10},"end":{"line":18,"column":11}},"loc":{"start":{"line":18,"column":32},"end":{"line":23,"column":3}},"line":18},"3":{"name":"(anonymous_3)","decl":{"start":{"line":25,"column":10},"end":{"line":25,"column":11}},"loc":{"start":{"line":25,"column":36},"end":{"line":30,"column":3}},"line":25},"4":{"name":"(anonymous_4)","decl":{"start":{"line":32,"column":10},"end":{"line":32,"column":11}},"loc":{"start":{"line":32,"column":24},"end":{"line":37,"column":3}},"line":32}},"branchMap":{"0":{"loc":{"start":{"line":12,"column":4},"end":{"line":12,"column":47}},"type":"if","locations":[{"start":{"line":12,"column":4},"end":{"line":12,"column":47}},{"start":{},"end":{}}],"line":12},"1":{"loc":{"start":{"line":15,"column":11},"end":{"line":15,"column":29}},"type":"binary-expr","locations":[{"start":{"line":15,"column":11},"end":{"line":15,"column":21}},{"start":{"line":15,"column":25},"end":{"line":15,"column":29}}],"line":15},"2":{"loc":{"start":{"line":19,"column":4},"end":{"line":19,"column":69}},"type":"if","locations":[{"start":{"line":19,"column":4},"end":{"line":19,"column":69}},{"start":{},"end":{}}],"line":19},"3":{"loc":{"start":{"line":19,"column":8},"end":{"line":19,"column":22}},"type":"binary-expr","locations":[{"start":{"line":19,"column":8},"end":{"line":19,"column":13}},{"start":{"line":19,"column":17},"end":{"line":19,"column":22}}],"line":19},"4":{"loc":{"start":{"line":26,"column":4},"end":{"line":26,"column":69}},"type":"if","locations":[{"start":{"line":26,"column":4},"end":{"line":26,"column":69}},{"start":{},"end":{}}],"line":26},"5":{"loc":{"start":{"line":26,"column":8},"end":{"line":26,"column":29}},"type":"binary-expr","locations":[{"start":{"line":26,"column":8},"end":{"line":26,"column":11}},{"start":{"line":26,"column":15},"end":{"line":26,"column":20}},{"start":{"line":26,"column":24},"end":{"line":26,"column":29}}],"line":26},"6":{"loc":{"start":{"line":33,"column":4},"end":{"line":33,"column":47}},"type":"if","locations":[{"start":{"line":33,"column":4},"end":{"line":33,"column":47}},{"start":{},"end":{}}],"line":33}},"s":{"0":1,"1":1,"2":1,"3":1,"4":1,"5":1,"6":1,"7":1,"8":0,"9":0,"10":0,"11":3,"12":2,"13":1,"14":1,"15":1,"16":0,"17":0,"18":0,"19":0,"20":0,"21":0,"22":0,"23":0,"24":0,"25":0,"26":1},"f":{"0":1,"1":1,"2":3,"3":0,"4":0},"b":{"0":[1,0],"1":[0,0],"2":[2,1],"3":[3,2],"4":[0,0],"5":[0,0,0],"6":[0,0]},"_coverageSchema":"1a1c01bbd47fc00a2c39e90264f33305004495a9","hash":"325662749b4bcf41cf22c71c477a3af4ab7cf810"}
,"G:\\S5\\PAW Antara\\Project Akhir\\backend\\services\\userService.js": {"path":"G:\\S5\\PAW Antara\\Project Akhir\\backend\\services\\userService.js","statementMap":{"0":{"start":{"line":1,"column":23},"end":{"line":1,"column":64}},"1":{"start":{"line":2,"column":15},"end":{"line":2,"column":32}},"2":{"start":{"line":3,"column":23},"end":{"line":3,"column":55}},"3":{"start":{"line":4,"column":15},"end":{"line":4,"column":41}},"4":{"start":{"line":6,"column":20},"end":{"line":44,"column":1}},"5":{"start":{"line":9,"column":4},"end":{"line":9,"column":59}},"6":{"start":{"line":9,"column":19},"end":{"line":9,"column":59}},"7":{"start":{"line":10,"column":17},"end":{"line":10,"column":62}},"8":{"start":{"line":11,"column":4},"end":{"line":11,"column":92}},"9":{"start":{"line":12,"column":4},"end":{"line":12,"column":16}},"10":{"start":{"line":17,"column":4},"end":{"line":19,"column":5}},"11":{"start":{"line":18,"column":6},"end":{"line":18,"column":59}},"12":{"start":{"line":21,"column":27},"end":{"line":21,"column":58}},"13":{"start":{"line":22,"column":17},"end":{"line":22,"column":92}},"14":{"start":{"line":25,"column":4},"end":{"line":25,"column":84}},"15":{"start":{"line":26,"column":4},"end":{"line":26,"column":16}},"16":{"start":{"line":31,"column":4},"end":{"line":31,"column":62}},"17":{"start":{"line":32,"column":4},"end":{"line":32,"column":46}},"18":{"start":{"line":36,"column":4},"end":{"line":36,"column":76}},"19":{"start":{"line":37,"column":4},"end":{"line":37,"column":47}},"20":{"start":{"line":41,"column":4},"end":{"line":41,"column":98}},"21":{"start":{"line":42,"column":4},"end":{"line":42,"column":57}},"22":{"start":{"line":46,"column":0},"end":{"line":46,"column":29}}},"fnMap":{"0":{"name":"(anonymous_0)","decl":{"start":{"line":8,"column":18},"end":{"line":8,"column":19}},"loc":{"start":{"line":8,"column":38},"end":{"line":13,"column":3}},"line":8},"1":{"name":"(anonymous_1)","decl":{"start":{"line":16,"column":14},"end":{"line":16,"column":15}},"loc":{"start":{"line":16,"column":78},"end":{"line":27,"column":3}},"line":16},"2":{"name":"(anonymous_2)","decl":{"start":{"line":30,"column":15},"end":{"line":30,"column":16}},"loc":{"start":{"line":30,"column":27},"end":{"line":33,"column":3}},"line":30},"3":{"name":"(anonymous_3)","decl":{"start":{"line":35,"column":14},"end":{"line":35,"column":15}},"loc":{"start":{"line":35,"column":28},"end":{"line":38,"column":3}},"line":35},"4":{"name":"(anonymous_4)","decl":{"start":{"line":40,"column":18},"end":{"line":40,"column":19}},"loc":{"start":{"line":40,"column":38},"end":{"line":43,"column":3}},"line":40}},"branchMap":{"0":{"loc":{"start":{"line":9,"column":4},"end":{"line":9,"column":59}},"type":"if","locations":[{"start":{"line":9,"column":4},"end":{"line":9,"column":59}},{"start":{},"end":{}}],"line":9},"1":{"loc":{"start":{"line":16,"column":41},"end":{"line":16,"column":54}},"type":"default-arg","locations":[{"start":{"line":16,"column":48},"end":{"line":16,"column":54}}],"line":16},"2":{"loc":{"start":{"line":16,"column":56},"end":{"line":16,"column":73}},"type":"default-arg","locations":[{"start":{"line":16,"column":69},"end":{"line":16,"column":73}}],"line":16},"3":{"loc":{"start":{"line":17,"column":4},"end":{"line":19,"column":5}},"type":"if","locations":[{"start":{"line":17,"column":4},"end":{"line":19,"column":5}},{"start":{},"end":{}}],"line":17},"4":{"loc":{"start":{"line":17,"column":8},"end":{"line":17,"column":30}},"type":"binary-expr","locations":[{"start":{"line":17,"column":8},"end":{"line":17,"column":17}},{"start":{"line":17,"column":21},"end":{"line":17,"column":30}}],"line":17}},"s":{"0":1,"1":1,"2":1,"3":1,"4":1,"5":1,"6":1,"7":0,"8":0,"9":0,"10":1,"11":0,"12":1,"13":1,"14":1,"15":1,"16":0,"17":0,"18":0,"19":0,"20":0,"21":0,"22":1},"f":{"0":1,"1":1,"2":0,"3":0,"4":0},"b":{"0":[1,0],"1":[1],"2":[1],"3":[0,1],"4":[1,1]},"_coverageSchema":"1a1c01bbd47fc00a2c39e90264f33305004495a9","hash":"60eb7b963cfdcaf89f6595f937be8d68868255b4"}
,"G:\\S5\\PAW Antara\\Project Akhir\\backend\\utils\\logger.js": {"path":"G:\\S5\\PAW Antara\\Project Akhir\\backend\\utils\\logger.js","statementMap":{"0":{"start":{"line":2,"column":45},"end":{"line":2,"column":63}},"1":{"start":{"line":3,"column":13},"end":{"line":3,"column":28}},"2":{"start":{"line":5,"column":15},"end":{"line":16,"column":2}},"3":{"start":{"line":9,"column":26},"end":{"line":9,"column":92}},"4":{"start":{"line":18,"column":0},"end":{"line":18,"column":24}}},"fnMap":{"0":{"name":"(anonymous_0)","decl":{"start":{"line":9,"column":18},"end":{"line":9,"column":19}},"loc":{"start":{"line":9,"column":26},"end":{"line":9,"column":92}},"line":9}},"branchMap":{},"s":{"0":2,"1":2,"2":2,"3":3,"4":2},"f":{"0":3},"b":{},"_coverageSchema":"1a1c01bbd47fc00a2c39e90264f33305004495a9","hash":"3218063c1b5b749b8a32e37beb4c9b4b01833272"}
}
