TN:
SF:db.js
FN:12,(anonymous_0)
FNF:1
FNH:1
FNDA:1,(anonymous_0)
DA:1,2
DA:2,2
DA:4,2
DA:12,2
DA:13,1
DA:14,0
DA:15,0
DA:17,1
DA:20,2
LF:9
LH:7
BRDA:13,0,0,0
BRDA:13,0,1,1
BRF:2
BRH:1
end_of_record
TN:
SF:helpers\dateHelper.js
FN:2,formatDate
FNF:1
FNH:1
FNDA:3,formatDate
DA:3,3
DA:4,3
DA:5,3
DA:6,3
DA:7,3
DA:8,3
DA:10,3
DA:13,2
LF:8
LH:8
BRDA:2,0,0,3
BRF:1
BRH:1
end_of_record
TN:
SF:repositories\guideRepository.js
FN:4,(anonymous_0)
FN:5,(anonymous_1)
FN:6,(anonymous_2)
FN:13,(anonymous_3)
FN:14,(anonymous_4)
FN:15,(anonymous_5)
FN:22,(anonymous_6)
FN:23,(anonymous_7)
FN:27,(anonymous_8)
FN:35,(anonymous_9)
FN:36,(anonymous_10)
FN:40,(anonymous_11)
FN:48,(anonymous_12)
FN:49,(anonymous_13)
FN:50,(anonymous_14)
FNF:15
FNH:0
FNDA:0,(anonymous_0)
FNDA:0,(anonymous_1)
FNDA:0,(anonymous_2)
FNDA:0,(anonymous_3)
FNDA:0,(anonymous_4)
FNDA:0,(anonymous_5)
FNDA:0,(anonymous_6)
FNDA:0,(anonymous_7)
FNDA:0,(anonymous_8)
FNDA:0,(anonymous_9)
FNDA:0,(anonymous_10)
FNDA:0,(anonymous_11)
FNDA:0,(anonymous_12)
FNDA:0,(anonymous_13)
FNDA:0,(anonymous_14)
DA:1,1
DA:3,1
DA:5,0
DA:6,0
DA:7,0
DA:8,0
DA:14,0
DA:15,0
DA:16,0
DA:17,0
DA:23,0
DA:24,0
DA:28,0
DA:29,0
DA:36,0
DA:37,0
DA:41,0
DA:42,0
DA:49,0
DA:50,0
DA:51,0
DA:52,0
DA:58,1
LF:23
LH:3
BRDA:7,0,0,0
BRDA:7,0,1,0
BRDA:16,1,0,0
BRDA:16,1,1,0
BRDA:28,2,0,0
BRDA:28,2,1,0
BRDA:41,3,0,0
BRDA:41,3,1,0
BRDA:51,4,0,0
BRDA:51,4,1,0
BRF:10
BRH:0
end_of_record
TN:
SF:repositories\userRepository.js
FN:5,(anonymous_0)
FN:6,(anonymous_1)
FN:8,(anonymous_2)
FN:16,(anonymous_3)
FN:17,(anonymous_4)
FN:19,(anonymous_5)
FN:27,(anonymous_6)
FN:28,(anonymous_7)
FN:29,(anonymous_8)
FN:37,(anonymous_9)
FN:38,(anonymous_10)
FN:42,(anonymous_11)
FN:51,(anonymous_12)
FN:52,(anonymous_13)
FN:54,(anonymous_14)
FN:62,(anonymous_15)
FN:63,(anonymous_16)
FN:64,(anonymous_17)
FNF:18
FNH:0
FNDA:0,(anonymous_0)
FNDA:0,(anonymous_1)
FNDA:0,(anonymous_2)
FNDA:0,(anonymous_3)
FNDA:0,(anonymous_4)
FNDA:0,(anonymous_5)
FNDA:0,(anonymous_6)
FNDA:0,(anonymous_7)
FNDA:0,(anonymous_8)
FNDA:0,(anonymous_9)
FNDA:0,(anonymous_10)
FNDA:0,(anonymous_11)
FNDA:0,(anonymous_12)
FNDA:0,(anonymous_13)
FNDA:0,(anonymous_14)
FNDA:0,(anonymous_15)
FNDA:0,(anonymous_16)
FNDA:0,(anonymous_17)
DA:1,1
DA:3,1
DA:6,0
DA:7,0
DA:8,0
DA:9,0
DA:10,0
DA:17,0
DA:18,0
DA:19,0
DA:20,0
DA:21,0
DA:28,0
DA:29,0
DA:30,0
DA:31,0
DA:38,0
DA:39,0
DA:43,0
DA:44,0
DA:52,0
DA:53,0
DA:54,0
DA:55,0
DA:56,0
DA:63,0
DA:64,0
DA:65,0
DA:66,0
DA:72,1
LF:30
LH:3
BRDA:9,0,0,0
BRDA:9,0,1,0
BRDA:10,1,0,0
BRDA:10,1,1,0
BRDA:20,2,0,0
BRDA:20,2,1,0
BRDA:21,3,0,0
BRDA:21,3,1,0
BRDA:30,4,0,0
BRDA:30,4,1,0
BRDA:43,5,0,0
BRDA:43,5,1,0
BRDA:55,6,0,0
BRDA:55,6,1,0
BRDA:65,7,0,0
BRDA:65,7,1,0
BRF:16
BRH:0
end_of_record
TN:
SF:services\guideService.js
FN:6,(anonymous_0)
FN:11,(anonymous_1)
FN:18,(anonymous_2)
FN:25,(anonymous_3)
FN:32,(anonymous_4)
FNF:5
FNH:3
FNDA:1,(anonymous_0)
FNDA:1,(anonymous_1)
FNDA:3,(anonymous_2)
FNDA:0,(anonymous_3)
FNDA:0,(anonymous_4)
DA:1,1
DA:2,1
DA:3,1
DA:5,1
DA:7,1
DA:8,1
DA:12,1
DA:13,0
DA:14,0
DA:15,0
DA:19,3
DA:20,1
DA:21,1
DA:22,1
DA:26,0
DA:27,0
DA:28,0
DA:29,0
DA:33,0
DA:34,0
DA:35,0
DA:36,0
DA:40,1
LF:23
LH:12
BRDA:12,0,0,1
BRDA:12,0,1,0
BRDA:15,1,0,0
BRDA:15,1,1,0
BRDA:19,2,0,2
BRDA:19,2,1,1
BRDA:19,3,0,3
BRDA:19,3,1,2
BRDA:26,4,0,0
BRDA:26,4,1,0
BRDA:26,5,0,0
BRDA:26,5,1,0
BRDA:26,5,2,0
BRDA:33,6,0,0
BRDA:33,6,1,0
BRF:15
BRH:5
end_of_record
TN:
SF:services\userService.js
FN:8,(anonymous_0)
FN:16,(anonymous_1)
FN:30,(anonymous_2)
FN:35,(anonymous_3)
FN:40,(anonymous_4)
FNF:5
FNH:2
FNDA:1,(anonymous_0)
FNDA:1,(anonymous_1)
FNDA:0,(anonymous_2)
FNDA:0,(anonymous_3)
FNDA:0,(anonymous_4)
DA:1,1
DA:2,1
DA:3,1
DA:4,1
DA:6,1
DA:9,1
DA:10,0
DA:11,0
DA:12,0
DA:17,1
DA:18,0
DA:21,1
DA:22,1
DA:25,1
DA:26,1
DA:31,0
DA:32,0
DA:36,0
DA:37,0
DA:41,0
DA:42,0
DA:46,1
LF:22
LH:12
BRDA:9,0,0,1
BRDA:9,0,1,0
BRDA:16,1,0,1
BRDA:16,2,0,1
BRDA:17,3,0,0
BRDA:17,3,1,1
BRDA:17,4,0,1
BRDA:17,4,1,1
BRF:8
BRH:6
end_of_record
TN:
SF:utils\logger.js
FN:9,(anonymous_0)
FNF:1
FNH:1
FNDA:3,(anonymous_0)
DA:2,2
DA:3,2
DA:5,2
DA:9,3
DA:18,2
LF:5
LH:5
BRF:0
BRH:0
end_of_record
